{"C:\\Users\\hsl55\\Desktop\\project\\practice\\nodejs\\node-board\\middlewares\\validate.js": {"path":"C:\\Users\\hsl55\\Desktop\\project\\practice\\nodejs\\node-board\\middlewares\\validate.js","statementMap":{"0":{"start":{"line":1,"column":12},"end":{"line":1,"column":26}},"1":{"start":{"line":4,"column":0},"end":{"line":34,"column":2}},"2":{"start":{"line":5,"column":19},"end":{"line":27,"column":6}},"3":{"start":{"line":20,"column":16},"end":{"line":22,"column":17}},"4":{"start":{"line":21,"column":20},"end":{"line":21,"column":73}},"5":{"start":{"line":28,"column":19},"end":{"line":28,"column":44}},"6":{"start":{"line":29,"column":4},"end":{"line":33,"column":5}},"7":{"start":{"line":30,"column":8},"end":{"line":30,"column":66}},"8":{"start":{"line":32,"column":8},"end":{"line":32,"column":15}}},"fnMap":{"0":{"name":"(anonymous_0)","decl":{"start":{"line":4,"column":19},"end":{"line":4,"column":20}},"loc":{"start":{"line":4,"column":39},"end":{"line":34,"column":1}},"line":4},"1":{"name":"(anonymous_1)","decl":{"start":{"line":19,"column":20},"end":{"line":19,"column":21}},"loc":{"start":{"line":19,"column":39},"end":{"line":23,"column":13}},"line":19}},"branchMap":{"0":{"loc":{"start":{"line":20,"column":16},"end":{"line":22,"column":17}},"type":"if","locations":[{"start":{"line":20,"column":16},"end":{"line":22,"column":17}},{"start":{"line":20,"column":16},"end":{"line":22,"column":17}}],"line":20},"1":{"loc":{"start":{"line":29,"column":4},"end":{"line":33,"column":5}},"type":"if","locations":[{"start":{"line":29,"column":4},"end":{"line":33,"column":5}},{"start":{"line":29,"column":4},"end":{"line":33,"column":5}}],"line":29}},"s":{"0":1,"1":1,"2":5,"3":2,"4":1,"5":5,"6":5,"7":4,"8":1},"f":{"0":5,"1":2},"b":{"0":[1,1],"1":[4,1]},"_coverageSchema":"1a1c01bbd47fc00a2c39e90264f33305004495a9","hash":"d76f4a7619d348d9ff333b1d9080b958da2d5bbe"}
}
