TN:
SF:controllers\join.js
FN:4,(anonymous_0)
FNF:1
FNH:1
FNDA:3,(anonymous_0)
DA:1,1
DA:2,1
DA:4,1
DA:5,3
DA:6,3
DA:7,3
DA:12,2
DA:13,1
DA:14,1
DA:17,1
DA:18,1
DA:23,1
DA:25,1
DA:26,1
LF:14
LH:14
BRDA:12,0,0,1
BRDA:12,0,1,1
BRF:2
BRH:2
end_of_record
TN:
SF:middlewares\validate.js
FN:4,(anonymous_0)
FN:19,(anonymous_1)
FNF:2
FNH:2
FNDA:5,(anonymous_0)
FNDA:2,(anonymous_1)
DA:1,1
DA:4,1
DA:5,5
DA:20,2
DA:21,1
DA:28,5
DA:29,5
DA:30,4
DA:32,1
LF:9
LH:9
BRDA:20,0,0,1
BRDA:20,0,1,1
BRDA:29,1,0,4
BRDA:29,1,1,1
BRF:4
BRH:4
end_of_record
TN:
SF:models\user.js
FN:4,(anonymous_0)
FN:27,(anonymous_1)
FNF:2
FNH:0
FNDA:0,(anonymous_0)
FNDA:0,(anonymous_1)
DA:1,1
DA:3,1
DA:5,0
DA:28,0
DA:29,0
LF:5
LH:2
BRF:0
BRH:0
end_of_record
